\BOOKMARK [1][-]{section*.1}{\376\377\000M\036\336\000\040\001\020\036\246\000U}{}% 1
\BOOKMARK [0][-]{chapter.1}{\376\377\000T\036\324\000N\000G\000\040\000Q\000U\000A\000N\000\040\000V\036\300\000\040\000D\036\356\000\040\000L\000I\036\306\000U\000\040\000L\036\332\000N}{}% 2
\BOOKMARK [1][-]{section.1.1}{\376\377\001\020\036\313\000n\000h\000\040\000n\000g\000h\001\051\000a}{chapter.1}% 3
\BOOKMARK [1][-]{section.1.2}{\376\377\000N\000g\000u\036\323\000n\000\040\000h\000\354\000n\000h\000\040\000t\000h\000\340\000n\000h\000\040\000c\036\347\000a\000\040\000d\036\357\000\040\000l\000i\036\307\000u\000\040\000l\036\333\000n}{chapter.1}% 4
\BOOKMARK [1][-]{section.1.3}{\376\377\001\020\036\267\000c\000\040\000t\000r\001\260\000n\000g\000\040\0005\000V\000\040\000c\036\347\000a\000\040\000d\036\357\000\040\000l\000i\036\307\000u\000\040\000l\036\333\000n}{chapter.1}% 5
\BOOKMARK [1][-]{section.1.4}{\376\377\000T\036\325\000n\000g\000\040\000q\000u\000a\000n\000\040\000v\036\301\000\040\000H\000a\000d\000o\000o\000p}{chapter.1}% 6
\BOOKMARK [1][-]{section.1.5}{\376\377\000T\036\325\000n\000g\000\040\000q\000u\000a\000n\000\040\000v\036\301\000\040\000M\000a\000p\000R\000e\000d\000u\000c\000e}{chapter.1}% 7
\BOOKMARK [0][-]{chapter.2}{\376\377\000X\000\302\000Y\000\040\000D\036\360\000N\000G\000\040\000H\036\306\000\040\000T\000H\036\320\000N\000G\000\040\000G\036\342\000I\000\040\000\335\000\040\000P\000H\000I\000M\000\040\000B\036\260\000N\000G\000\040\000T\000H\000U\036\254\000T\000\040\000T\000O\000\301\000N\000\040\000I\000T\000E\000M\000-\000B\000A\000S\000E\000D\000\040\000C\000O\000L\000L\000A\000B\000O\000R\000A\000T\000I\000V\000E\000\040\000F\000I\000L\000T\000E\000R\000I\000N\000G}{}% 8
\BOOKMARK [1][-]{section.2.1}{\376\377\000G\000i\036\333\000i\000\040\000t\000h\000i\036\307\000u\000\040\000t\000h\000u\036\255\000t\000\040\000t\000o\000\341\000n}{chapter.2}% 9
\BOOKMARK [1][-]{section.2.2}{\376\377\000T\000r\000i\036\303\000n\000\040\000k\000h\000a\000i\000\040\000t\000h\000u\036\255\000t\000\040\000t\000o\000\341\000n}{chapter.2}% 10
\BOOKMARK [1][-]{section.2.3}{\376\377\000V\000\355\000\040\000d\036\345\000\040\000m\000i\000n\000h\000\040\000h\036\315\000a\000\040\000t\000h\000u\036\255\000t\000\040\000t\000o\000\341\000n}{chapter.2}% 11
\BOOKMARK [0][-]{chapter.3}{\376\377\036\350\000N\000G\000\040\000D\036\344\000N\000G\000\040\000H\000A\000D\000O\000O\000P\000\040\000M\000A\000P\000R\000E\000D\000U\000C\000E\000\040\000V\036\332\000I\000\040\000I\000T\000E\000M\000-\000B\000A\000S\000E\000D\000\040\000C\000O\000L\000L\000A\000B\000O\000R\000A\000T\000I\000V\000E\000\040\000F\000I\000L\000T\000E\000R\000I\000N\000G\000\040\000T\000R\000O\000N\000G\000\040\000R\000E\000C\000O\000M\000M\000E\000N\000D\000A\000T\000I\000O\000N\000\040\000S\000Y\000S\000T\000E\000M}{}% 12
\BOOKMARK [1][-]{section.3.1}{\376\377\000\335\000\040\000t\001\260\036\337\000n\000g\000\040\000M\000a\000p\000R\000e\000d\000u\000c\000e\000\040\000I\000t\000e\000m\000-\000b\000a\000s\000e\000d\000\040\000C\000o\000l\000l\000a\000b\000o\000r\000a\000t\000i\000v\000e\000\040\000F\000i\000l\000t\000e\000r\000i\000n\000g}{chapter.3}% 13
\BOOKMARK [1][-]{section.3.2}{\376\377\000L\001\260\000u\000\040\001\021\036\323\000\040\000c\036\347\000a\000\040\000t\000h\000u\036\255\000t\000\040\000t\000o\000\341\000n\000\040\000M\000a\000p\000R\000e\000d\000u\000c\000e\000\040\000I\000t\000e\000m\000-\000b\000a\000s\000e\000d\000\040\000C\000o\000l\000l\000a\000b\000o\000r\000a\000t\000i\000v\000e\000\040\000F\000i\000l\000t\000e\000r\000i\000n\000g}{chapter.3}% 14
\BOOKMARK [1][-]{section.3.3}{\376\377\000T\000r\000i\036\303\000n\000\040\000k\000h\000a\000i\000\040\000t\000h\000u\036\255\000t\000\040\000t\000o\000\341\000n\000\040\000M\000a\000p\000R\000e\000d\000u\000c\000e\000\040\000I\000t\000e\000m\000-\000b\000a\000s\000e\000d\000\040\000C\000o\000l\000l\000a\000b\000o\000r\000a\000t\000i\000v\000e\000\040\000F\000i\000l\000t\000e\000r\000i\000n\000g}{chapter.3}% 15
\BOOKMARK [1][-]{section.3.4}{\376\377\000D\000e\000m\000o\000\040\000t\000h\000u\036\255\000t\000\040\000t\000o\000\341\000n\000\040\000M\000a\000p\000R\000e\000d\000u\000c\000e\000\040\000I\000t\000e\000m\000-\000b\000a\000s\000e\000d\000\040\000C\000o\000l\000l\000a\000b\000o\000r\000a\000t\000i\000v\000e\000\040\000F\000i\000l\000t\000e\000r\000i\000n\000g}{chapter.3}% 16
\BOOKMARK [0][-]{chapter.4}{\376\377\000K\036\276\000T\000\040\000L\000U\036\254\000N\000\040\000V\000\300\000\040\000H\001\257\036\332\000N\000G\000\040\000P\000H\000\301\000T\000\040\000T\000R\000I\036\302\000N}{}% 17
\BOOKMARK [1][-]{section.4.1}{\376\377\000K\036\277\000t\000\040\000l\000u\036\255\000n}{chapter.4}% 18
\BOOKMARK [1][-]{section.4.2}{\376\377\000H\001\260\036\333\000n\000g\000\040\000p\000h\000\341\000t\000\040\000t\000r\000i\036\303\000n}{chapter.4}% 19
\BOOKMARK [1][-]{section*.22}{\376\377\000S\036\242\000N\000\040\000P\000H\036\250\000M\000\040\000C\036\346\000A\000\040\000N\000H\000\323\000M}{chapter.4}% 20
\BOOKMARK [1][-]{section*.23}{\376\377\000T\000\300\000I\000\040\000L\000I\036\306\000U\000\040\000T\000H\000A\000M\000\040\000K\000H\036\242\000O}{chapter.4}% 21
\BOOKMARK [1][-]{section*.24}{\376\377\000N\000H\000I\036\306\000M\000\040\000V\036\344\000\040\000C\036\346\000A\000\040\000C\000\301\000C\000\040\000T\000H\000\300\000N\000H\000\040\000V\000I\000\312\000N}{chapter.4}% 22
